<?xml version="1.0" encoding="UTF-8"?>
<testsuite xmlns:xsi="http://www.w3.org/2001/XMLSchema-instance" xsi:schemaLocation="https://maven.apache.org/surefire/maven-surefire-plugin/xsd/surefire-test-report.xsd" name="ee.ut.cs.swt.nextdate.NextDateTest" time="0.158" tests="18" errors="0" skipped="0" failures="7">
  <properties>
    <property name="idea.version" value="2023.3.8"/>
    <property name="java.runtime.name" value="OpenJDK Runtime Environment"/>
    <property name="java.vm.version" value="11.0.26+4-LTS"/>
    <property name="sun.boot.library.path" value="C:\Users\minejev\.jdks\corretto-11.0.26\bin"/>
    <property name="maven.multiModuleProjectDirectory" value="C:\Users\minejev\Downloads\NextDate-v1.0\NextDate-2"/>
    <property name="java.vm.vendor" value="Amazon.com Inc."/>
    <property name="java.vendor.url" value="https://aws.amazon.com/corretto/"/>
    <property name="guice.disable.misplaced.annotation.check" value="true"/>
    <property name="path.separator" value=";"/>
    <property name="java.vm.name" value="OpenJDK 64-Bit Server VM"/>
    <property name="sun.os.patch.level" value=""/>
    <property name="user.script" value=""/>
    <property name="user.country" value="GB"/>
    <property name="sun.java.launcher" value="SUN_STANDARD"/>
    <property name="java.vm.specification.name" value="Java Virtual Machine Specification"/>
    <property name="user.dir" value="C:\Users\minejev\Downloads\NextDate-v1.0\NextDate-2"/>
    <property name="java.vm.compressedOopsMode" value="Zero based"/>
    <property name="java.runtime.version" value="11.0.26+4-LTS"/>
    <property name="java.awt.graphicsenv" value="sun.awt.Win32GraphicsEnvironment"/>
    <property name="os.arch" value="amd64"/>
    <property name="java.io.tmpdir" value="C:\Users\minejev\AppData\Local\Temp\"/>
    <property name="line.separator" value="&#10;"/>
    <property name="java.vm.specification.vendor" value="Oracle Corporation"/>
    <property name="user.variant" value=""/>
    <property name="os.name" value="Windows 11"/>
    <property name="maven.ext.class.path" value="C:\Program Files\JetBrains\IntelliJ IDEA Community Edition 2023.3.4\plugins\maven\lib\maven-event-listener.jar"/>
    <property name="classworlds.conf" value="C:\Program Files\JetBrains\IntelliJ IDEA Community Edition 2023.3.4\plugins\maven\lib\maven3\bin\m2.conf"/>
    <property name="sun.jnu.encoding" value="Cp1252"/>
    <property name="java.library.path" value="C:\Users\minejev\.jdks\corretto-11.0.26\bin;C:\WINDOWS\Sun\Java\bin;C:\WINDOWS\system32;C:\WINDOWS;C:\Program Files\Common Files\Oracle\Java\javapath;C:\Program Files (x86)\Common Files\Oracle\Java\java8path;C:\Program Files (x86)\Common Files\Oracle\Java\javapath;C:\Windows\System32;C:\Windows;C:\Windows\System32\wbem;C:\Windows\System32\WindowsPowerShell\v1.0\;C:\Windows\System32\OpenSSH\;C:\Program Files\Git\cmd;C:\Users\minejev\Downloads\apache-maven-3.9.9-bin;C:\Program Files (x86)\GnuPG\bin;C:\Program Files\PuTTY\;C:\Program Files (x86)\IDEMIA\AWP\DLLs;C:\Program Files\IDEMIA\AWP\DLLs;C:\Program Files\nodejs\;C:\Users\minejev\AppData\Local\Programs\Python\Python312\Scripts\;C:\Users\minejev\AppData\Local\Programs\Python\Python312\;C:\Users\minejev\AppData\Local\Microsoft\WindowsApps;C:\Users\minejev\AppData\Local\Programs\Microsoft VS Code\bin;C:\Users\minejev\AppData\Local\GitHubDesktop\bin;C:\Program Files\JetBrains\IntelliJ IDEA Community Edition 2023.3.4\bin;;C:\Users\minejev\AppData\Roaming\npm;."/>
    <property name="jansi.passthrough" value="true"/>
    <property name="maven.conf" value="C:\Program Files\JetBrains\IntelliJ IDEA Community Edition 2023.3.4\plugins\maven\lib\maven3/conf"/>
    <property name="jdk.debug" value="release"/>
    <property name="java.class.version" value="55.0"/>
    <property name="java.specification.name" value="Java Platform API Specification"/>
    <property name="sun.management.compiler" value="HotSpot 64-Bit Tiered Compilers"/>
    <property name="os.version" value="10.0"/>
    <property name="user.home" value="C:\Users\minejev"/>
    <property name="user.timezone" value="Europe/Tallinn"/>
    <property name="java.awt.printerjob" value="sun.awt.windows.WPrinterJob"/>
    <property name="file.encoding" value="UTF-8"/>
    <property name="java.specification.version" value="11"/>
    <property name="user.name" value="minejev"/>
    <property name="java.class.path" value="C:\Program Files\JetBrains\IntelliJ IDEA Community Edition 2023.3.4\plugins\maven\lib\maven3\boot\plexus-classworlds-2.7.0.jar;C:\Program Files\JetBrains\IntelliJ IDEA Community Edition 2023.3.4\plugins\maven\lib\maven3\boot\plexus-classworlds.license"/>
    <property name="java.vm.specification.version" value="11"/>
    <property name="sun.arch.data.model" value="64"/>
    <property name="sun.java.command" value="org.codehaus.classworlds.Launcher -Didea.version=2023.3.8 test"/>
    <property name="java.home" value="C:\Users\minejev\.jdks\corretto-11.0.26"/>
    <property name="user.language" value="en"/>
    <property name="java.specification.vendor" value="Oracle Corporation"/>
    <property name="awt.toolkit" value="sun.awt.windows.WToolkit"/>
    <property name="java.vm.info" value="mixed mode"/>
    <property name="java.version" value="11.0.26"/>
    <property name="java.vendor" value="Amazon.com Inc."/>
    <property name="java.specification.maintenance.version" value="3"/>
    <property name="maven.home" value="C:\Program Files\JetBrains\IntelliJ IDEA Community Edition 2023.3.4\plugins\maven\lib\maven3"/>
    <property name="file.separator" value="\"/>
    <property name="java.version.date" value="2025-01-21"/>
    <property name="java.vendor.url.bug" value="https://github.com/corretto/corretto-11/issues/"/>
    <property name="sun.io.unicode.encoding" value="UnicodeLittle"/>
    <property name="sun.cpu.endian" value="little"/>
    <property name="java.vendor.version" value="Corretto-11.0.26.4.1"/>
    <property name="sun.desktop" value="windows"/>
    <property name="sun.cpu.isalist" value="amd64"/>
  </properties>
  <testcase name="testDecemberToJanuary" classname="ee.ut.cs.swt.nextdate.NextDateTest" time="0.135">
    <failure message="expected:&lt;1[/1/2002]&gt; but was:&lt;1[2/32/2001]&gt;" type="org.junit.ComparisonFailure"><![CDATA[org.junit.ComparisonFailure: expected:<1[/1/2002]> but was:<1[2/32/2001]>
	at ee.ut.cs.swt.nextdate.NextDateTest.testDecemberToJanuary(NextDateTest.java:32)
]]></failure>
  </testcase>
  <testcase name="testJuneToJuly" classname="ee.ut.cs.swt.nextdate.NextDateTest" time="0.001"/>
  <testcase name="t1" classname="ee.ut.cs.swt.nextdate.NextDateTest" time="0">
    <failure message="expected:&lt;[I]nvalid Input Date&gt; but was:&lt;[i]nvalid Input Date&gt;" type="org.junit.ComparisonFailure"><![CDATA[org.junit.ComparisonFailure: expected:<[I]nvalid Input Date> but was:<[i]nvalid Input Date>
	at ee.ut.cs.swt.nextdate.NextDateTest.t1(NextDateTest.java:36)
]]></failure>
  </testcase>
  <testcase name="t2" classname="ee.ut.cs.swt.nextdate.NextDateTest" time="0"/>
  <testcase name="t3" classname="ee.ut.cs.swt.nextdate.NextDateTest" time="0"/>
  <testcase name="t4" classname="ee.ut.cs.swt.nextdate.NextDateTest" time="0.001">
    <failure message="expected:&lt;1[/1/2011]&gt; but was:&lt;1[2/32/2010]&gt;" type="org.junit.ComparisonFailure"><![CDATA[org.junit.ComparisonFailure: expected:<1[/1/2011]> but was:<1[2/32/2010]>
	at ee.ut.cs.swt.nextdate.NextDateTest.t4(NextDateTest.java:49)
]]></failure>
  </testcase>
  <testcase name="t5" classname="ee.ut.cs.swt.nextdate.NextDateTest" time="0"/>
  <testcase name="t6" classname="ee.ut.cs.swt.nextdate.NextDateTest" time="0"/>
  <testcase name="t7" classname="ee.ut.cs.swt.nextdate.NextDateTest" time="0"/>
  <testcase name="t8" classname="ee.ut.cs.swt.nextdate.NextDateTest" time="0"/>
  <testcase name="t9" classname="ee.ut.cs.swt.nextdate.NextDateTest" time="0"/>
  <testcase name="t10" classname="ee.ut.cs.swt.nextdate.NextDateTest" time="0"/>
  <testcase name="t11" classname="ee.ut.cs.swt.nextdate.NextDateTest" time="0.001">
    <failure message="expected:&lt;7/3[1]/2020&gt; but was:&lt;7/3[0]/2020&gt;" type="org.junit.ComparisonFailure"><![CDATA[org.junit.ComparisonFailure: expected:<7/3[1]/2020> but was:<7/3[0]/2020>
	at ee.ut.cs.swt.nextdate.NextDateTest.t11(NextDateTest.java:81)
]]></failure>
  </testcase>
  <testcase name="t12" classname="ee.ut.cs.swt.nextdate.NextDateTest" time="0.001"/>
  <testcase name="t13" classname="ee.ut.cs.swt.nextdate.NextDateTest" time="0.001">
    <failure message="expected:&lt;Invalid [Input Date]&gt; but was:&lt;Invalid [Next Year]&gt;" type="org.junit.ComparisonFailure"><![CDATA[org.junit.ComparisonFailure: expected:<Invalid [Input Date]> but was:<Invalid [Next Year]>
	at ee.ut.cs.swt.nextdate.NextDateTest.t13(NextDateTest.java:89)
]]></failure>
  </testcase>
  <testcase name="t14" classname="ee.ut.cs.swt.nextdate.NextDateTest" time="0.002">
    <failure message="expected:&lt;[Invalid Next Year]&gt; but was:&lt;[12/32/2021]&gt;" type="org.junit.ComparisonFailure"><![CDATA[org.junit.ComparisonFailure: expected:<[Invalid Next Year]> but was:<[12/32/2021]>
	at ee.ut.cs.swt.nextdate.NextDateTest.t14(NextDateTest.java:93)
]]></failure>
  </testcase>
  <testcase name="t15" classname="ee.ut.cs.swt.nextdate.NextDateTest" time="0.003">
    <failure message="expected:&lt;[8/]1/2021&gt; but was:&lt;[7/3]1/2021&gt;" type="org.junit.ComparisonFailure"><![CDATA[org.junit.ComparisonFailure: expected:<[8/]1/2021> but was:<[7/3]1/2021>
	at ee.ut.cs.swt.nextdate.NextDateTest.t15(NextDateTest.java:97)
]]></failure>
  </testcase>
  <testcase name="testMarchToApril" classname="ee.ut.cs.swt.nextdate.NextDateTest" time="0"/>
</testsuite>